<?xml version="1.0" encoding="UTF-8"?>
<robot generator="Robot 7.3.2 (Python 3.13.5 on win32)" generated="2025-09-03T11:37:16.352328" rpa="false" schemaversion="5">
<suite id="s1" name="FirstRobotCase" source="C:\Users\QC\PycharmProjects\PythonProject\python testing\RobotFrameWork\FirstRobotCase.robot">
<test id="s1-t1" name="Validate Successful Login" line="11">
<kw name="Open The oncotwin web application">
<kw name="Open Browser" owner="SeleniumLibrary">
<msg time="2025-09-03T11:37:17.124719" level="INFO">Opening browser 'chrome' to base url 'http://52.66.98.251:9507/login'.</msg>
<arg>http://52.66.98.251:9507/login</arg>
<arg>chrome</arg>
<doc>Opens a new browser instance to the optional ``url``.</doc>
<status status="PASS" start="2025-09-03T11:37:17.124515" elapsed="3.758272"/>
</kw>
<kw name="Maximize Browser Window" owner="SeleniumLibrary">
<doc>Maximizes current browser window.</doc>
<status status="PASS" start="2025-09-03T11:37:20.883058" elapsed="0.039929"/>
</kw>
<kw name="Sleep" owner="BuiltIn">
<msg time="2025-09-03T11:37:25.923971" level="INFO">Slept 5 seconds.</msg>
<arg>5s</arg>
<doc>Pauses the test executed for the given time.</doc>
<status status="PASS" start="2025-09-03T11:37:20.923390" elapsed="5.000844"/>
</kw>
<status status="PASS" start="2025-09-03T11:37:17.122945" elapsed="8.801538"/>
</kw>
<kw name="Fill The Login Page">
<kw name="Input Text" owner="SeleniumLibrary">
<msg time="2025-09-03T11:37:25.926687" level="INFO">Typing text 'demo-user@oncotwin' into text field 'xpath://input[@id="email"]'.</msg>
<arg>xpath://input[@id="email"]</arg>
<arg>demo-user@oncotwin</arg>
<doc>Types the given ``text`` into the text field identified by ``locator``.</doc>
<status status="PASS" start="2025-09-03T11:37:25.925888" elapsed="0.104535"/>
</kw>
<kw name="Input Password" owner="SeleniumLibrary">
<msg time="2025-09-03T11:37:26.031162" level="INFO">Typing password into text field 'xpath://input[@id="pwd"]'.</msg>
<msg time="2025-09-03T11:37:26.067077" level="INFO">Temporally setting log level to: NONE</msg>
<arg>xpath://input[@id="pwd"]</arg>
<arg>Oncotwin@123</arg>
<doc>Types the given password into the text field identified by ``locator``.</doc>
<status status="PASS" start="2025-09-03T11:37:26.030699" elapsed="0.070803"/>
</kw>
<kw name="Click Button" owner="SeleniumLibrary">
<msg time="2025-09-03T11:37:26.101840" level="INFO">Clicking button 'xpath://button[normalize-space()="Log In"]'.</msg>
<arg>xpath://button[normalize-space()="Log In"]</arg>
<doc>Clicks the button identified by ``locator``.</doc>
<status status="PASS" start="2025-09-03T11:37:26.101663" elapsed="0.077201"/>
</kw>
<kw name="Sleep" owner="BuiltIn">
<msg time="2025-09-03T11:37:31.179876" level="INFO">Slept 5 seconds.</msg>
<arg>5s</arg>
<doc>Pauses the test executed for the given time.</doc>
<status status="PASS" start="2025-09-03T11:37:26.179110" elapsed="5.001029"/>
</kw>
<status status="PASS" start="2025-09-03T11:37:25.925206" elapsed="5.255175"/>
</kw>
<kw name="Check we are in the home page">
<kw name="Wait Until Element Is Visible" owner="SeleniumLibrary">
<arg>${search_twin_button}</arg>
<doc>Waits until the element ``locator`` is visible.</doc>
<status status="PASS" start="2025-09-03T11:37:31.181059" elapsed="0.023384"/>
</kw>
<status status="PASS" start="2025-09-03T11:37:31.180814" elapsed="0.023740"/>
</kw>
<kw name="check oncotwin word">
<kw name="Get Text" owner="SeleniumLibrary">
<msg time="2025-09-03T11:37:31.228706" level="INFO">${Logo} = Patient List</msg>
<var>${Logo}</var>
<arg>${Page_name}</arg>
<doc>Returns the text value of the element identified by ``locator``.</doc>
<status status="PASS" start="2025-09-03T11:37:31.205141" elapsed="0.023630"/>
</kw>
<kw name="Should Be Equal As Strings" owner="BuiltIn">
<arg>${Logo}</arg>
<arg>Patient List</arg>
<doc>Fails if objects are unequal after converting them to strings.</doc>
<status status="PASS" start="2025-09-03T11:37:31.228977" elapsed="0.000254"/>
</kw>
<kw name="Element Text Should Be" owner="SeleniumLibrary">
<msg time="2025-09-03T11:37:31.229656" level="INFO">Verifying element 'xpath://h5[normalize-space()="Patient List"]' contains exact text 'Patient List'.</msg>
<arg>${Page_name}</arg>
<arg>Patient List</arg>
<doc>Verifies that element ``locator`` contains exact the text ``expected``.</doc>
<status status="PASS" start="2025-09-03T11:37:31.229371" elapsed="0.013874"/>
</kw>
<status status="PASS" start="2025-09-03T11:37:31.204869" elapsed="0.038565"/>
</kw>
<kw name="Close Browser" owner="SeleniumLibrary" type="TEARDOWN">
<doc>Closes the current browser.</doc>
<status status="PASS" start="2025-09-03T11:37:31.243907" elapsed="2.211567"/>
</kw>
<status status="PASS" start="2025-09-03T11:37:17.122158" elapsed="16.333943"/>
</test>
<doc>To validate the login page</doc>
<status status="PASS" start="2025-09-03T11:37:16.353676" elapsed="17.105083"/>
</suite>
<statistics>
<total>
<stat pass="1" fail="0" skip="0">All Tests</stat>
</total>
<tag>
</tag>
<suite>
<stat name="FirstRobotCase" id="s1" pass="1" fail="0" skip="0">FirstRobotCase</stat>
</suite>
</statistics>
<errors>
</errors>
</robot>
